<?xml version="1.0" encoding="UTF-8"?>
<coverage generated="1720903127281" clover="3.2.0">
  <project timestamp="1720903127281" name="All files">
    <metrics statements="16" coveredstatements="16" conditionals="6" coveredconditionals="6" methods="4" coveredmethods="4" elements="26" coveredelements="26" complexity="0" loc="16" ncloc="16" packages="3" files="4" classes="4"/>
    <package name="components.button">
      <metrics statements="3" coveredstatements="3" conditionals="1" coveredconditionals="1" methods="1" coveredmethods="1"/>
      <file name="button.component.tsx" path="C:\Users\LENOVO\development_projects\interviews\ntt-data\ntt-data-technical-test\src\components\button\button.component.tsx">
        <metrics statements="3" coveredstatements="3" conditionals="1" coveredconditionals="1" methods="1" coveredmethods="1"/>
        <line num="1" count="2" type="stmt"/>
        <line num="9" count="2" type="stmt"/>
        <line num="14" count="7" type="stmt"/>
      </file>
    </package>
    <package name="financialProducts">
      <metrics statements="3" coveredstatements="3" conditionals="0" coveredconditionals="0" methods="1" coveredmethods="1"/>
      <file name="financialProductContainer.tsx" path="C:\Users\LENOVO\development_projects\interviews\ntt-data\ntt-data-technical-test\src\financialProducts\financialProductContainer.tsx">
        <metrics statements="3" coveredstatements="3" conditionals="0" coveredconditionals="0" methods="1" coveredmethods="1"/>
        <line num="1" count="1" type="stmt"/>
        <line num="3" count="1" type="stmt"/>
        <line num="4" count="1" type="stmt"/>
      </file>
    </package>
    <package name="utilities">
      <metrics statements="10" coveredstatements="10" conditionals="5" coveredconditionals="5" methods="2" coveredmethods="2"/>
      <file name="addToDate.utility.ts" path="C:\Users\LENOVO\development_projects\interviews\ntt-data\ntt-data-technical-test\src\utilities\addToDate.utility.ts">
        <metrics statements="7" coveredstatements="7" conditionals="3" coveredconditionals="3" methods="1" coveredmethods="1"/>
        <line num="18" count="1" type="stmt"/>
        <line num="19" count="3" type="stmt"/>
        <line num="20" count="3" type="stmt"/>
        <line num="21" count="3" type="cond" truecount="1" falsecount="0"/>
        <line num="22" count="3" type="cond" truecount="1" falsecount="0"/>
        <line num="23" count="3" type="cond" truecount="1" falsecount="0"/>
        <line num="24" count="3" type="stmt"/>
      </file>
      <file name="minMaxLength.utility.ts" path="C:\Users\LENOVO\development_projects\interviews\ntt-data\ntt-data-technical-test\src\utilities\minMaxLength.utility.ts">
        <metrics statements="3" coveredstatements="3" conditionals="2" coveredconditionals="2" methods="1" coveredmethods="1"/>
        <line num="8" count="1" type="stmt"/>
        <line num="9" count="5" type="stmt"/>
        <line num="10" count="5" type="cond" truecount="2" falsecount="0"/>
      </file>
    </package>
  </project>
</coverage>
