<?xml version="1.0" encoding="UTF-8"?>
<coverage generated="1720895675138" clover="3.2.0">
  <project timestamp="1720895675138" name="All files">
    <metrics statements="10" coveredstatements="10" conditionals="5" coveredconditionals="5" methods="2" coveredmethods="2" elements="17" coveredelements="17" complexity="0" loc="10" ncloc="10" packages="1" files="2" classes="2"/>
    <file name="addToDate.utility.ts" path="C:\Users\LENOVO\development_projects\interviews\ntt-data\ntt-data-technical-test\src\utilities\addToDate.utility.ts">
      <metrics statements="7" coveredstatements="7" conditionals="3" coveredconditionals="3" methods="1" coveredmethods="1"/>
      <line num="18" count="1" type="stmt"/>
      <line num="19" count="3" type="stmt"/>
      <line num="20" count="3" type="stmt"/>
      <line num="21" count="3" type="cond" truecount="1" falsecount="0"/>
      <line num="22" count="3" type="cond" truecount="1" falsecount="0"/>
      <line num="23" count="3" type="cond" truecount="1" falsecount="0"/>
      <line num="24" count="3" type="stmt"/>
    </file>
    <file name="minMaxLength.utility.ts" path="C:\Users\LENOVO\development_projects\interviews\ntt-data\ntt-data-technical-test\src\utilities\minMaxLength.utility.ts">
      <metrics statements="3" coveredstatements="3" conditionals="2" coveredconditionals="2" methods="1" coveredmethods="1"/>
      <line num="8" count="1" type="stmt"/>
      <line num="9" count="5" type="stmt"/>
      <line num="10" count="5" type="cond" truecount="2" falsecount="0"/>
    </file>
  </project>
</coverage>
