{"C:\\Users\\LENOVO\\development_projects\\interviews\\ntt-data\\ntt-data-technical-test\\src\\utilities\\minMaxLength.utility.ts": {"path":"C:\\Users\\LENOVO\\development_projects\\interviews\\ntt-data\\ntt-data-technical-test\\src\\utilities\\minMaxLength.utility.ts","statementMap":{"0":{"start":{"line":1,"column":0},"end":{"line":1,"column":16}},"1":{"start":{"line":2,"column":19},"end":{"line":2,"column":29}},"2":{"start":{"line":3,"column":4},"end":{"line":3,"column":34}},"3":{"start":{"line":3,"column":13},"end":{"line":3,"column":34}},"4":{"start":{"line":4,"column":4},"end":{"line":4,"column":42}}},"fnMap":{"0":{"name":"minMaxLength","decl":{"start":{"line":1,"column":16},"end":{"line":1,"column":28}},"loc":{"start":{"line":1,"column":71},"end":{"line":5,"column":1}}}},"branchMap":{"0":{"loc":{"start":{"line":1,"column":42},"end":{"line":1,"column":57}},"type":"default-arg","locations":[{"start":{"line":1,"column":56},"end":{"line":1,"column":57}}]},"1":{"loc":{"start":{"line":3,"column":4},"end":{"line":3,"column":34}},"type":"if","locations":[{"start":{"line":3,"column":4},"end":{"line":3,"column":34}}]},"2":{"loc":{"start":{"line":4,"column":11},"end":{"line":4,"column":41}},"type":"binary-expr","locations":[{"start":{"line":4,"column":11},"end":{"line":4,"column":24}},{"start":{"line":4,"column":28},"end":{"line":4,"column":41}}]}},"s":{"0":1,"1":5,"2":5,"3":0,"4":5},"f":{"0":5},"b":{"0":[0],"1":[0],"2":[5,4]}}
}
