{"C:\\Users\\LENOVO\\development_projects\\interviews\\ntt-data\\ntt-data-technical-test\\src\\components\\button\\button.component.tsx": {"path":"C:\\Users\\LENOVO\\development_projects\\interviews\\ntt-data\\ntt-data-technical-test\\src\\components\\button\\button.component.tsx","statementMap":{"0":{"start":{"line":9,"column":0},"end":{"line":9,"column":16}},"1":{"start":{"line":1,"column":0},"end":{"line":1,"column":32}},"2":{"start":{"line":14,"column":4},"end":{"line":22,"column":6}}},"fnMap":{"0":{"name":"Button","decl":{"start":{"line":9,"column":16},"end":{"line":9,"column":22}},"loc":{"start":{"line":13,"column":14},"end":{"line":23,"column":1}}}},"branchMap":{"0":{"loc":{"start":{"line":12,"column":4},"end":{"line":12,"column":18}},"type":"default-arg","locations":[{"start":{"line":12,"column":13},"end":{"line":12,"column":18}}]}},"s":{"0":2,"1":2,"2":7},"f":{"0":7},"b":{"0":[5]}}
,"C:\\Users\\LENOVO\\development_projects\\interviews\\ntt-data\\ntt-data-technical-test\\src\\financialProducts\\financialProductContainer.tsx": {"path":"C:\\Users\\LENOVO\\development_projects\\interviews\\ntt-data\\ntt-data-technical-test\\src\\financialProducts\\financialProductContainer.tsx","statementMap":{"0":{"start":{"line":3,"column":0},"end":{"line":3,"column":16}},"1":{"start":{"line":1,"column":0},"end":{"line":1,"column":63}},"2":{"start":{"line":4,"column":4},"end":{"line":21,"column":6}}},"fnMap":{"0":{"name":"FinancialProductContainer","decl":{"start":{"line":3,"column":16},"end":{"line":3,"column":41}},"loc":{"start":{"line":3,"column":41},"end":{"line":22,"column":1}}}},"branchMap":{},"s":{"0":1,"1":1,"2":1},"f":{"0":1},"b":{}}
,"C:\\Users\\LENOVO\\development_projects\\interviews\\ntt-data\\ntt-data-technical-test\\src\\utilities\\addToDate.utility.ts": {"path":"C:\\Users\\LENOVO\\development_projects\\interviews\\ntt-data\\ntt-data-technical-test\\src\\utilities\\addToDate.utility.ts","statementMap":{"0":{"start":{"line":18,"column":0},"end":{"line":18,"column":16}},"1":{"start":{"line":19,"column":20},"end":{"line":19,"column":34}},"2":{"start":{"line":20,"column":36},"end":{"line":20,"column":43}},"3":{"start":{"line":21,"column":4},"end":{"line":21,"column":65}},"4":{"start":{"line":21,"column":14},"end":{"line":21,"column":65}},"5":{"start":{"line":22,"column":4},"end":{"line":22,"column":61}},"6":{"start":{"line":22,"column":15},"end":{"line":22,"column":61}},"7":{"start":{"line":23,"column":4},"end":{"line":23,"column":55}},"8":{"start":{"line":23,"column":13},"end":{"line":23,"column":55}},"9":{"start":{"line":24,"column":4},"end":{"line":24,"column":19}}},"fnMap":{"0":{"name":"addToDate","decl":{"start":{"line":18,"column":16},"end":{"line":18,"column":25}},"loc":{"start":{"line":18,"column":67},"end":{"line":25,"column":1}}}},"branchMap":{"0":{"loc":{"start":{"line":21,"column":4},"end":{"line":21,"column":65}},"type":"if","locations":[{"start":{"line":21,"column":4},"end":{"line":21,"column":65}}]},"1":{"loc":{"start":{"line":22,"column":4},"end":{"line":22,"column":61}},"type":"if","locations":[{"start":{"line":22,"column":4},"end":{"line":22,"column":61}}]},"2":{"loc":{"start":{"line":23,"column":4},"end":{"line":23,"column":55}},"type":"if","locations":[{"start":{"line":23,"column":4},"end":{"line":23,"column":55}}]}},"s":{"0":1,"1":3,"2":3,"3":3,"4":1,"5":3,"6":1,"7":3,"8":1,"9":3},"f":{"0":3},"b":{"0":[1],"1":[1],"2":[1]}}
,"C:\\Users\\LENOVO\\development_projects\\interviews\\ntt-data\\ntt-data-technical-test\\src\\utilities\\minMaxLength.utility.ts": {"path":"C:\\Users\\LENOVO\\development_projects\\interviews\\ntt-data\\ntt-data-technical-test\\src\\utilities\\minMaxLength.utility.ts","statementMap":{"0":{"start":{"line":8,"column":0},"end":{"line":8,"column":16}},"1":{"start":{"line":9,"column":19},"end":{"line":9,"column":29}},"2":{"start":{"line":10,"column":4},"end":{"line":10,"column":42}}},"fnMap":{"0":{"name":"minMaxLength","decl":{"start":{"line":8,"column":16},"end":{"line":8,"column":28}},"loc":{"start":{"line":8,"column":66},"end":{"line":11,"column":1}}}},"branchMap":{"0":{"loc":{"start":{"line":10,"column":11},"end":{"line":10,"column":41}},"type":"binary-expr","locations":[{"start":{"line":10,"column":11},"end":{"line":10,"column":24}},{"start":{"line":10,"column":28},"end":{"line":10,"column":41}}]}},"s":{"0":1,"1":5,"2":5},"f":{"0":5},"b":{"0":[5,4]}}
}
