TN:
SF:src\components\button\button.component.tsx
FN:9,Button
FNF:1
FNH:1
FNDA:7,Button
DA:1,2
DA:9,2
DA:14,7
LF:3
LH:3
BRDA:12,0,0,5
BRF:1
BRH:1
end_of_record
TN:
SF:src\financialProducts\financialProductContainer.tsx
FN:3,FinancialProductContainer
FNF:1
FNH:1
FNDA:1,FinancialProductContainer
DA:1,1
DA:3,1
DA:4,1
LF:3
LH:3
BRF:0
BRH:0
end_of_record
TN:
SF:src\utilities\addToDate.utility.ts
FN:18,addToDate
FNF:1
FNH:1
FNDA:3,addToDate
DA:18,1
DA:19,3
DA:20,3
DA:21,3
DA:22,3
DA:23,3
DA:24,3
LF:7
LH:7
BRDA:21,0,0,1
BRDA:22,1,0,1
BRDA:23,2,0,1
BRF:3
BRH:3
end_of_record
TN:
SF:src\utilities\minMaxLength.utility.ts
FN:8,minMaxLength
FNF:1
FNH:1
FNDA:5,minMaxLength
DA:8,1
DA:9,5
DA:10,5
LF:3
LH:3
BRDA:10,0,0,5
BRDA:10,0,1,4
BRF:2
BRH:2
end_of_record
